DEBUG:Chroma:Logger created
DEBUG:Chroma:time to pre process our knn query: 0.0
DEBUG:Chroma:time to run knn query: 0.0
DEBUG:Chroma:time to pre process our knn query: 0.0
DEBUG:Chroma:time to run knn query: 0.0
DEBUG:Chroma:time to pre process our knn query: 0.0
DEBUG:Chroma:time to run knn query: 0.0
DEBUG:Chroma:time to pre process our knn query: 0.0
DEBUG:Chroma:time to run knn query: 0.0006103515625
DEBUG:Chroma:time to pre process our knn query: 0.0
DEBUG:Chroma:time to run knn query: 0.0
DEBUG:Chroma:time to pre process our knn query: 0.0
DEBUG:Chroma:time to run knn query: 0.0
DEBUG:Chroma:time to pre process our knn query: 0.0
DEBUG:Chroma:time to run knn query: 0.00099945068359375
DEBUG:Chroma:time to pre process our knn query: 0.0
DEBUG:Chroma:time to run knn query: 0.0
DEBUG:Chroma:time to pre process our knn query: 0.0
DEBUG:Chroma:time to run knn query: 0.0
DEBUG:Chroma:time to pre process our knn query: 0.0
DEBUG:Chroma:time to run knn query: 0.0
WARNING:genai.schemas.responses:Extra fields missing from GenerateResponse. Add Optional[Type] typing for these fields: {'id'}
DEBUG:Chroma:time to pre process our knn query: 0.0
DEBUG:Chroma:time to run knn query: 0.0
WARNING:genai.schemas.responses:Extra fields missing from GenerateResponse. Add Optional[Type] typing for these fields: {'id'}
DEBUG:Chroma:time to pre process our knn query: 0.0
DEBUG:Chroma:time to run knn query: 0.0
WARNING:genai.schemas.responses:Extra fields missing from GenerateResponse. Add Optional[Type] typing for these fields: {'id'}
DEBUG:Chroma:time to pre process our knn query: 0.0
DEBUG:Chroma:time to run knn query: 0.0
WARNING:genai.schemas.responses:Extra fields missing from GenerateResponse. Add Optional[Type] typing for these fields: {'id'}
DEBUG:Chroma:time to pre process our knn query: 0.0
DEBUG:Chroma:time to run knn query: 0.0
WARNING:genai.schemas.responses:Extra fields missing from GenerateResponse. Add Optional[Type] typing for these fields: {'id'}
DEBUG:Chroma:time to pre process our knn query: 0.0
DEBUG:Chroma:time to run knn query: 0.0
WARNING:genai.schemas.responses:Extra fields missing from GenerateResponse. Add Optional[Type] typing for these fields: {'id'}
DEBUG:Chroma:time to pre process our knn query: 0.0
DEBUG:Chroma:time to run knn query: 0.0
WARNING:genai.schemas.responses:Extra fields missing from GenerateResponse. Add Optional[Type] typing for these fields: {'id'}
DEBUG:Chroma:time to pre process our knn query: 0.0
DEBUG:Chroma:time to run knn query: 0.0
DEBUG:Chroma:time to pre process our knn query: 0.0
DEBUG:Chroma:time to run knn query: 0.0
WARNING:genai.schemas.responses:Extra fields missing from GenerateResponse. Add Optional[Type] typing for these fields: {'id'}
DEBUG:Chroma:time to pre process our knn query: 0.0
DEBUG:Chroma:time to run knn query: 0.0
DEBUG:Chroma:time to pre process our knn query: 0.0
DEBUG:Chroma:time to run knn query: 0.0
DEBUG:Chroma:time to pre process our knn query: 0.0
DEBUG:Chroma:time to run knn query: 0.0
WARNING:genai.schemas.responses:Extra fields missing from GenerateResponse. Add Optional[Type] typing for these fields: {'id'}
DEBUG:Chroma:time to pre process our knn query: 0.0
DEBUG:Chroma:time to run knn query: 0.0
DEBUG:Chroma:time to pre process our knn query: 0.0
DEBUG:Chroma:time to run knn query: 0.0
DEBUG:Chroma:time to pre process our knn query: 0.0
DEBUG:Chroma:time to run knn query: 0.0
DEBUG:Chroma:time to pre process our knn query: 0.0
DEBUG:Chroma:time to run knn query: 0.0
WARNING:genai.schemas.responses:Extra fields missing from GenerateResponse. Add Optional[Type] typing for these fields: {'id'}
DEBUG:Chroma:time to pre process our knn query: 0.0
DEBUG:Chroma:time to run knn query: 0.0
DEBUG:Chroma:time to pre process our knn query: 0.0
DEBUG:Chroma:time to run knn query: 0.0
DEBUG:Chroma:time to pre process our knn query: 0.0
DEBUG:Chroma:time to run knn query: 0.0
DEBUG:Chroma:time to pre process our knn query: 0.0
DEBUG:Chroma:time to run knn query: 0.0
WARNING:genai.schemas.responses:Extra fields missing from GenerateResponse. Add Optional[Type] typing for these fields: {'id'}
DEBUG:Chroma:time to pre process our knn query: 0.0
DEBUG:Chroma:time to run knn query: 0.0
WARNING:genai.schemas.responses:Extra fields missing from GenerateResponse. Add Optional[Type] typing for these fields: {'id'}
DEBUG:Chroma:time to pre process our knn query: 0.0
DEBUG:Chroma:time to run knn query: 0.0
WARNING:genai.schemas.responses:Extra fields missing from GenerateResponse. Add Optional[Type] typing for these fields: {'id'}
DEBUG:Chroma:time to pre process our knn query: 0.0
DEBUG:Chroma:time to run knn query: 0.0
WARNING:genai.schemas.responses:Extra fields missing from GenerateResponse. Add Optional[Type] typing for these fields: {'id'}
DEBUG:Chroma:time to pre process our knn query: 0.0
DEBUG:Chroma:time to run knn query: 0.0
WARNING:genai.schemas.responses:Extra fields missing from GenerateResponse. Add Optional[Type] typing for these fields: {'id'}
DEBUG:Chroma:time to pre process our knn query: 0.0
DEBUG:Chroma:time to run knn query: 0.0
WARNING:genai.schemas.responses:Extra fields missing from GenerateResponse. Add Optional[Type] typing for these fields: {'id'}
DEBUG:Chroma:time to pre process our knn query: 0.0
DEBUG:Chroma:time to run knn query: 0.0
WARNING:genai.schemas.responses:Extra fields missing from GenerateResponse. Add Optional[Type] typing for these fields: {'id'}
DEBUG:Chroma:Index not found
DEBUG:Chroma:Index saved to {self._save_folder}/index.bin
DEBUG:Chroma:Index saved to {self._save_folder}/index.bin
DEBUG:Chroma:Index saved to {self._save_folder}/index.bin
DEBUG:Chroma:Index saved to {self._save_folder}/index.bin
DEBUG:Chroma:Index saved to {self._save_folder}/index.bin
DEBUG:Chroma:Index saved to {self._save_folder}/index.bin
DEBUG:Chroma:Index saved to {self._save_folder}/index.bin
DEBUG:Chroma:Index saved to {self._save_folder}/index.bin
DEBUG:Chroma:Index saved to {self._save_folder}/index.bin
DEBUG:Chroma:Index saved to {self._save_folder}/index.bin
DEBUG:Chroma:Index saved to {self._save_folder}/index.bin
DEBUG:Chroma:Index saved to {self._save_folder}/index.bin
DEBUG:Chroma:Index saved to {self._save_folder}/index.bin
DEBUG:Chroma:Index saved to {self._save_folder}/index.bin
DEBUG:Chroma:Index saved to {self._save_folder}/index.bin
DEBUG:Chroma:Index saved to {self._save_folder}/index.bin
DEBUG:Chroma:Index saved to {self._save_folder}/index.bin
DEBUG:Chroma:Index saved to {self._save_folder}/index.bin
DEBUG:Chroma:Index saved to {self._save_folder}/index.bin
DEBUG:Chroma:Index saved to {self._save_folder}/index.bin
DEBUG:Chroma:Index saved to {self._save_folder}/index.bin
DEBUG:Chroma:Index saved to {self._save_folder}/index.bin
DEBUG:Chroma:Index saved to {self._save_folder}/index.bin
DEBUG:Chroma:Index saved to {self._save_folder}/index.bin
DEBUG:Chroma:Index saved to {self._save_folder}/index.bin
DEBUG:Chroma:Index saved to {self._save_folder}/index.bin
DEBUG:Chroma:Index saved to {self._save_folder}/index.bin
DEBUG:Chroma:Index saved to {self._save_folder}/index.bin
DEBUG:Chroma:Index saved to {self._save_folder}/index.bin
DEBUG:Chroma:Index saved to {self._save_folder}/index.bin
DEBUG:Chroma:Index saved to {self._save_folder}/index.bin
DEBUG:Chroma:Index saved to {self._save_folder}/index.bin
DEBUG:Chroma:Index saved to {self._save_folder}/index.bin
DEBUG:Chroma:Index saved to {self._save_folder}/index.bin
DEBUG:Chroma:Index saved to {self._save_folder}/index.bin
DEBUG:Chroma:Index saved to {self._save_folder}/index.bin
